[2026-01-30 03:41:25.401 +02:00 INF] [cdb43c31-9278-4657-8870-824879035d2a] HTTP POST /api/documents/generate started
[2026-01-30 03:41:25.617 +02:00 INF] [cdb43c31-9278-4657-8870-824879035d2a] FileSystem storage initialized at: wwwroot/documents
[2026-01-30 03:41:25.635 +02:00 INF] [cdb43c31-9278-4657-8870-824879035d2a] Generating "TransactionStatement" document
[2026-01-30 03:41:25.651 +02:00 INF] [cdb43c31-9278-4657-8870-824879035d2a] Rendering Transaction Statement PDF
[2026-01-30 03:41:27.540 +02:00 INF] [cdb43c31-9278-4657-8870-824879035d2a] Transaction Statement PDF generated successfully
[2026-01-30 03:41:29.439 +02:00 INF] [cdb43c31-9278-4657-8870-824879035d2a] Stored "TransactionStatement" document "fd62de6c-8dcc-4087-9fde-0aa0450e68e0", size: 155801 bytes
[2026-01-30 03:41:29.441 +02:00 INF] [cdb43c31-9278-4657-8870-824879035d2a] "TransactionStatement" document "fd62de6c-8dcc-4087-9fde-0aa0450e68e0" generated successfully
[2026-01-30 03:41:29.485 +02:00 INF] [cdb43c31-9278-4657-8870-824879035d2a] HTTP POST /api/documents/generate responded 200 in 4088.4250 ms
[2026-01-30 03:41:33.321 +02:00 INF] [6d75c36c-f1eb-4070-a84c-a79c3d2bc016] HTTP POST /api/documents/generate started
[2026-01-30 03:41:33.326 +02:00 INF] [6d75c36c-f1eb-4070-a84c-a79c3d2bc016] FileSystem storage initialized at: wwwroot/documents
[2026-01-30 03:41:33.327 +02:00 INF] [6d75c36c-f1eb-4070-a84c-a79c3d2bc016] Generating "TransactionStatement" document
[2026-01-30 03:41:33.327 +02:00 INF] [6d75c36c-f1eb-4070-a84c-a79c3d2bc016] Rendering Transaction Statement PDF
[2026-01-30 03:41:33.469 +02:00 INF] [6d75c36c-f1eb-4070-a84c-a79c3d2bc016] Transaction Statement PDF generated successfully
[2026-01-30 03:41:33.662 +02:00 INF] [6d75c36c-f1eb-4070-a84c-a79c3d2bc016] Stored "TransactionStatement" document "55ebd0e0-cff9-46a0-a83d-350bec8dd21b", size: 155801 bytes
[2026-01-30 03:41:33.663 +02:00 INF] [6d75c36c-f1eb-4070-a84c-a79c3d2bc016] "TransactionStatement" document "55ebd0e0-cff9-46a0-a83d-350bec8dd21b" generated successfully
[2026-01-30 03:41:33.665 +02:00 INF] [6d75c36c-f1eb-4070-a84c-a79c3d2bc016] HTTP POST /api/documents/generate responded 200 in 344.3172 ms
[2026-01-30 03:41:59.026 +02:00 INF] [42afb533-a5b5-4851-b235-15fbf72662c2] HTTP GET /api/documents/55ebd0e0-cff9-46a0-a83d-350bec8dd21b/download started
[2026-01-30 03:41:59.029 +02:00 INF] [42afb533-a5b5-4851-b235-15fbf72662c2] FileSystem storage initialized at: wwwroot/documents
[2026-01-30 03:41:59.794 +02:00 INF] [42afb533-a5b5-4851-b235-15fbf72662c2] Document "55ebd0e0-cff9-46a0-a83d-350bec8dd21b" downloaded (1/5)
[2026-01-30 03:41:59.836 +02:00 INF] [42afb533-a5b5-4851-b235-15fbf72662c2] HTTP GET /api/documents/55ebd0e0-cff9-46a0-a83d-350bec8dd21b/download responded 200 in 813.4012 ms
[2026-01-30 03:44:45.615 +02:00 INF] [e2dd458e-9e28-40f5-9fe8-8f8e8a176ac9] HTTP GET /api/documents/55ebd0e0-cff9-46a0-a83d-350bec8dd21b/download started
[2026-01-30 03:44:45.638 +02:00 INF] [e2dd458e-9e28-40f5-9fe8-8f8e8a176ac9] FileSystem storage initialized at: wwwroot/documents
[2026-01-30 03:44:45.670 +02:00 INF] [e2dd458e-9e28-40f5-9fe8-8f8e8a176ac9] Document "55ebd0e0-cff9-46a0-a83d-350bec8dd21b" downloaded (2/5)
[2026-01-30 03:44:45.675 +02:00 INF] [e2dd458e-9e28-40f5-9fe8-8f8e8a176ac9] HTTP GET /api/documents/55ebd0e0-cff9-46a0-a83d-350bec8dd21b/download responded 200 in 60.5860 ms
[2026-01-30 08:49:16.141 +02:00 INF] [] Starting application...
[2026-01-30 08:49:19.566 +02:00 INF] [] Database initialized
[2026-01-30 08:49:19.770 +02:00 INF] [] Registered PDF template for "TransactionStatement"
[2026-01-30 08:49:19.780 +02:00 INF] [] Registered 1 PDF template(s)
[2026-01-30 08:49:19.786 +02:00 INF] [] Document storage directory: /Users/fiskani/Documents/Interview/Capitec/DocumentService/Presentation/Document.Api/wwwroot/documents
[2026-01-30 08:49:19.904 +02:00 INF] [] Document Service starting up...
[2026-01-30 08:49:20.229 +02:00 INF] [] Now listening on: http://localhost:5085
[2026-01-30 08:49:20.232 +02:00 INF] [] Application started. Press Ctrl+C to shut down.
[2026-01-30 08:49:20.233 +02:00 INF] [] Hosting environment: Development
[2026-01-30 08:49:20.233 +02:00 INF] [] Content root path: /Users/fiskani/Documents/Interview/Capitec/DocumentService/Presentation/Document.Api
[2026-01-30 08:49:44.074 +02:00 INF] [928f50ab-30d9-44b4-89fd-b9ddf78db5b7] HTTP GET /api/documents/types started
[2026-01-30 08:49:44.101 +02:00 WRN] [928f50ab-30d9-44b4-89fd-b9ddf78db5b7] Failed to determine the https port for redirect.
[2026-01-30 08:49:44.141 +02:00 INF] [928f50ab-30d9-44b4-89fd-b9ddf78db5b7] FileSystem storage initialized at: wwwroot/documents
[2026-01-30 08:49:44.349 +02:00 INF] [928f50ab-30d9-44b4-89fd-b9ddf78db5b7] HTTP GET /api/documents/types responded 200 in 277.5568 ms
[2026-01-30 09:44:07.487 +02:00 INF] [] Starting application...
[2026-01-30 09:44:10.398 +02:00 INF] [] Database initialized
[2026-01-30 09:44:10.594 +02:00 INF] [] Registered PDF template for "TransactionStatement"
[2026-01-30 09:44:10.603 +02:00 INF] [] Registered 1 PDF template(s)
[2026-01-30 09:44:10.610 +02:00 INF] [] Document storage directory: /Users/fiskani/Documents/Interview/Capitec/DocumentService/Presentation/Document.Api/wwwroot/documents
[2026-01-30 09:44:10.760 +02:00 INF] [] Document Service starting up...
[2026-01-30 09:44:11.288 +02:00 INF] [] Now listening on: http://localhost:5085
[2026-01-30 09:44:11.291 +02:00 INF] [] Application started. Press Ctrl+C to shut down.
[2026-01-30 09:44:11.295 +02:00 INF] [] Hosting environment: Development
[2026-01-30 09:44:11.297 +02:00 INF] [] Content root path: /Users/fiskani/Documents/Interview/Capitec/DocumentService/Presentation/Document.Api
[2026-01-30 09:44:22.762 +02:00 INF] [d4a03a11-178b-45d8-bf4c-53f94cb95e96] HTTP GET /.well-known/appspecific/com.chrome.devtools.json started
[2026-01-30 09:44:22.789 +02:00 WRN] [d4a03a11-178b-45d8-bf4c-53f94cb95e96] Failed to determine the https port for redirect.
[2026-01-30 09:44:22.894 +02:00 INF] [d4a03a11-178b-45d8-bf4c-53f94cb95e96] HTTP GET /.well-known/appspecific/com.chrome.devtools.json responded 404 in 190.5685 ms
[2026-01-30 09:44:43.665 +02:00 INF] [9919b219-681b-4c88-80ce-2759655e5893] HTTP POST /api/documents/generate started
[2026-01-30 09:44:43.665 +02:00 INF] [a3c1bccc-0e15-4005-a27b-88e17862b0d6] HTTP POST /api/documents/generate started
[2026-01-30 09:44:43.665 +02:00 INF] [46737b41-bda0-4156-a7b5-0fb8399ff32c] HTTP POST /api/documents/generate started
[2026-01-30 09:44:43.665 +02:00 INF] [6f856632-2298-42c7-ac61-cbe77ae5a2cf] HTTP POST /api/documents/generate started
[2026-01-30 09:44:43.665 +02:00 INF] [4a801d6f-1ebe-448e-aa1f-c33c38cfd285] HTTP POST /api/documents/generate started
[2026-01-30 09:44:43.665 +02:00 INF] [21aa1133-c508-447e-906b-b956b2266abb] HTTP POST /api/documents/generate started
[2026-01-30 09:44:43.829 +02:00 INF] [a3c1bccc-0e15-4005-a27b-88e17862b0d6] FileSystem storage initialized at: wwwroot/documents
[2026-01-30 09:44:43.830 +02:00 INF] [21aa1133-c508-447e-906b-b956b2266abb] FileSystem storage initialized at: wwwroot/documents
[2026-01-30 09:44:43.831 +02:00 INF] [9919b219-681b-4c88-80ce-2759655e5893] FileSystem storage initialized at: wwwroot/documents
[2026-01-30 09:44:43.829 +02:00 INF] [4a801d6f-1ebe-448e-aa1f-c33c38cfd285] FileSystem storage initialized at: wwwroot/documents
[2026-01-30 09:44:43.833 +02:00 INF] [6f856632-2298-42c7-ac61-cbe77ae5a2cf] FileSystem storage initialized at: wwwroot/documents
[2026-01-30 09:44:43.832 +02:00 INF] [46737b41-bda0-4156-a7b5-0fb8399ff32c] FileSystem storage initialized at: wwwroot/documents
[2026-01-30 09:44:44.086 +02:00 INF] [a3c1bccc-0e15-4005-a27b-88e17862b0d6] HTTP POST /api/documents/generate responded 400 in 420.6289 ms
[2026-01-30 09:44:44.086 +02:00 INF] [9919b219-681b-4c88-80ce-2759655e5893] HTTP POST /api/documents/generate responded 400 in 420.7365 ms
[2026-01-30 09:44:44.088 +02:00 INF] [4a801d6f-1ebe-448e-aa1f-c33c38cfd285] HTTP POST /api/documents/generate responded 400 in 423.1300 ms
[2026-01-30 09:44:44.088 +02:00 INF] [21aa1133-c508-447e-906b-b956b2266abb] HTTP POST /api/documents/generate responded 400 in 420.6032 ms
[2026-01-30 09:44:44.095 +02:00 INF] [6f856632-2298-42c7-ac61-cbe77ae5a2cf] HTTP POST /api/documents/generate responded 400 in 429.4457 ms
[2026-01-30 09:44:44.102 +02:00 INF] [46737b41-bda0-4156-a7b5-0fb8399ff32c] HTTP POST /api/documents/generate responded 400 in 435.6084 ms
[2026-01-30 09:44:44.194 +02:00 INF] [76defa64-14f9-41b0-8f43-968296814902] HTTP POST /api/documents/generate started
[2026-01-30 09:44:44.194 +02:00 INF] [7c076a13-ab52-4163-b744-089458995a05] HTTP POST /api/documents/generate started
[2026-01-30 09:44:44.194 +02:00 INF] [6df085fe-f89e-4805-a93c-6fb803b16be2] HTTP POST /api/documents/generate started
[2026-01-30 09:44:44.197 +02:00 INF] [314ca56d-d5c9-4e0b-bbc6-e567a73e8fdf] HTTP POST /api/documents/generate started
[2026-01-30 09:44:44.194 +02:00 INF] [687dac6e-15a7-459b-ba4d-44c51db23b7b] HTTP POST /api/documents/generate started
[2026-01-30 09:44:44.200 +02:00 INF] [35a42f05-0ca4-4425-a629-4125f7ef8811] HTTP POST /api/documents/generate started
[2026-01-30 09:44:44.212 +02:00 INF] [7c076a13-ab52-4163-b744-089458995a05] FileSystem storage initialized at: wwwroot/documents
[2026-01-30 09:44:44.212 +02:00 INF] [6df085fe-f89e-4805-a93c-6fb803b16be2] FileSystem storage initialized at: wwwroot/documents
[2026-01-30 09:44:44.212 +02:00 INF] [76defa64-14f9-41b0-8f43-968296814902] FileSystem storage initialized at: wwwroot/documents
[2026-01-30 09:44:44.215 +02:00 INF] [314ca56d-d5c9-4e0b-bbc6-e567a73e8fdf] FileSystem storage initialized at: wwwroot/documents
[2026-01-30 09:44:44.216 +02:00 INF] [6df085fe-f89e-4805-a93c-6fb803b16be2] HTTP POST /api/documents/generate responded 400 in 22.1631 ms
[2026-01-30 09:44:44.217 +02:00 INF] [76defa64-14f9-41b0-8f43-968296814902] HTTP POST /api/documents/generate responded 400 in 22.1607 ms
[2026-01-30 09:44:44.290 +02:00 INF] [6260526a-0bd6-4737-9615-91ae4991ee44] HTTP POST /api/documents/generate started
[2026-01-30 09:44:44.254 +02:00 INF] [7c076a13-ab52-4163-b744-089458995a05] HTTP POST /api/documents/generate responded 400 in 60.5097 ms
[2026-01-30 09:44:44.327 +02:00 INF] [f404d820-e3e7-4d1c-89d1-fac5333e19e9] HTTP POST /api/documents/generate started
[2026-01-30 09:44:44.372 +02:00 INF] [314ca56d-d5c9-4e0b-bbc6-e567a73e8fdf] HTTP POST /api/documents/generate responded 400 in 174.6109 ms
[2026-01-30 09:44:44.408 +02:00 INF] [28c44ffe-5c41-42d1-92fc-8561e3f9f10a] HTTP POST /api/documents/generate started
[2026-01-30 09:44:44.449 +02:00 INF] [f404d820-e3e7-4d1c-89d1-fac5333e19e9] HTTP POST /api/documents/generate responded 429 in 121.9114 ms
[2026-01-30 09:44:44.454 +02:00 INF] [35a42f05-0ca4-4425-a629-4125f7ef8811] HTTP POST /api/documents/generate responded 429 in 253.3395 ms
[2026-01-30 09:44:44.454 +02:00 INF] [28c44ffe-5c41-42d1-92fc-8561e3f9f10a] HTTP POST /api/documents/generate responded 429 in 79.1183 ms
[2026-01-30 09:44:51.118 +02:00 INF] [0ffa7b8c-d901-4015-ba0d-c68928a844f1] HTTP GET /api/documents/generate started
[2026-01-30 09:44:51.121 +02:00 INF] [0ffa7b8c-d901-4015-ba0d-c68928a844f1] HTTP GET /api/documents/generate responded 405 in 2.6186 ms
[2026-01-30 09:45:43.791 +02:00 INF] [6260526a-0bd6-4737-9615-91ae4991ee44] FileSystem storage initialized at: wwwroot/documents
[2026-01-30 09:45:43.875 +02:00 INF] [687dac6e-15a7-459b-ba4d-44c51db23b7b] FileSystem storage initialized at: wwwroot/documents
[2026-01-30 09:45:43.895 +02:00 INF] [687dac6e-15a7-459b-ba4d-44c51db23b7b] HTTP POST /api/documents/generate responded 400 in 59699.0898 ms
[2026-01-30 09:45:43.918 +02:00 INF] [6260526a-0bd6-4737-9615-91ae4991ee44] HTTP POST /api/documents/generate responded 400 in 59632.0436 ms
[2026-01-30 09:54:55.091 +02:00 INF] [] Starting application...
[2026-01-30 09:54:59.507 +02:00 INF] [] Database initialized
[2026-01-30 09:54:59.621 +02:00 INF] [] Registered PDF template for "TransactionStatement"
[2026-01-30 09:54:59.637 +02:00 INF] [] Registered 1 PDF template(s)
[2026-01-30 09:54:59.645 +02:00 INF] [] Document storage directory: /Users/fiskani/Documents/Interview/Capitec/DocumentService/Presentation/Document.Api/wwwroot/documents
[2026-01-30 09:54:59.738 +02:00 INF] [] Document Service starting up...
[2026-01-30 09:55:00.740 +02:00 INF] [] Now listening on: http://localhost:5085
[2026-01-30 09:55:00.743 +02:00 INF] [] Application started. Press Ctrl+C to shut down.
[2026-01-30 09:55:00.746 +02:00 INF] [] Hosting environment: Development
[2026-01-30 09:55:00.755 +02:00 INF] [] Content root path: /Users/fiskani/Documents/Interview/Capitec/DocumentService/Presentation/Document.Api
[2026-01-30 09:55:45.335 +02:00 INF] [3675b52e-8f05-49ae-a4f5-a6fa306a2768] HTTP POST /api/documents/generate started
[2026-01-30 09:55:45.335 +02:00 INF] [04fdae95-db3d-4c1c-8dd6-73ffd1bc7ba7] HTTP POST /api/documents/generate started
[2026-01-30 09:55:45.335 +02:00 INF] [633d572c-8dc9-41f5-8cff-f4c904936f0d] HTTP POST /api/documents/generate started
[2026-01-30 09:55:45.335 +02:00 INF] [214f44ac-bcaa-41ea-9666-8bd0204a325a] HTTP POST /api/documents/generate started
[2026-01-30 09:55:45.335 +02:00 INF] [98e72fa1-52fe-4cd4-aec0-3fb14cadcbfc] HTTP POST /api/documents/generate started
[2026-01-30 09:55:45.335 +02:00 INF] [08a31792-0115-4e99-8f3f-2889b9088a93] HTTP POST /api/documents/generate started
[2026-01-30 09:55:45.357 +02:00 WRN] [3675b52e-8f05-49ae-a4f5-a6fa306a2768] Failed to determine the https port for redirect.
[2026-01-30 09:55:45.448 +02:00 INF] [98e72fa1-52fe-4cd4-aec0-3fb14cadcbfc] FileSystem storage initialized at: wwwroot/documents
[2026-01-30 09:55:45.448 +02:00 INF] [214f44ac-bcaa-41ea-9666-8bd0204a325a] FileSystem storage initialized at: wwwroot/documents
[2026-01-30 09:55:45.448 +02:00 INF] [08a31792-0115-4e99-8f3f-2889b9088a93] FileSystem storage initialized at: wwwroot/documents
[2026-01-30 09:55:45.448 +02:00 INF] [04fdae95-db3d-4c1c-8dd6-73ffd1bc7ba7] FileSystem storage initialized at: wwwroot/documents
[2026-01-30 09:55:45.448 +02:00 INF] [633d572c-8dc9-41f5-8cff-f4c904936f0d] FileSystem storage initialized at: wwwroot/documents
[2026-01-30 09:55:45.448 +02:00 INF] [3675b52e-8f05-49ae-a4f5-a6fa306a2768] FileSystem storage initialized at: wwwroot/documents
[2026-01-30 09:55:45.605 +02:00 INF] [633d572c-8dc9-41f5-8cff-f4c904936f0d] HTTP POST /api/documents/generate responded 400 in 273.5864 ms
[2026-01-30 09:55:45.606 +02:00 INF] [98e72fa1-52fe-4cd4-aec0-3fb14cadcbfc] HTTP POST /api/documents/generate responded 400 in 274.3653 ms
[2026-01-30 09:55:45.606 +02:00 INF] [3675b52e-8f05-49ae-a4f5-a6fa306a2768] HTTP POST /api/documents/generate responded 400 in 273.5380 ms
[2026-01-30 09:55:45.606 +02:00 INF] [08a31792-0115-4e99-8f3f-2889b9088a93] HTTP POST /api/documents/generate responded 400 in 274.0821 ms
[2026-01-30 09:55:45.606 +02:00 INF] [04fdae95-db3d-4c1c-8dd6-73ffd1bc7ba7] HTTP POST /api/documents/generate responded 400 in 273.7509 ms
[2026-01-30 09:55:45.605 +02:00 INF] [214f44ac-bcaa-41ea-9666-8bd0204a325a] HTTP POST /api/documents/generate responded 400 in 273.7143 ms
[2026-01-30 09:55:45.631 +02:00 INF] [08e79882-b206-4a21-9b10-17ed53864bef] HTTP POST /api/documents/generate started
[2026-01-30 09:55:45.631 +02:00 INF] [659a8b98-f7b1-4b7a-83db-495bb66ce5a3] HTTP POST /api/documents/generate started
[2026-01-30 09:55:45.631 +02:00 INF] [20d3750c-16d2-4cc9-8978-d412375e6f0f] HTTP POST /api/documents/generate started
[2026-01-30 09:55:45.631 +02:00 INF] [77faf020-f7f1-42fb-8635-7dcf12febf31] HTTP POST /api/documents/generate started
[2026-01-30 09:55:45.641 +02:00 INF] [659a8b98-f7b1-4b7a-83db-495bb66ce5a3] FileSystem storage initialized at: wwwroot/documents
[2026-01-30 09:55:45.641 +02:00 INF] [08e79882-b206-4a21-9b10-17ed53864bef] FileSystem storage initialized at: wwwroot/documents
[2026-01-30 09:55:45.641 +02:00 INF] [77faf020-f7f1-42fb-8635-7dcf12febf31] FileSystem storage initialized at: wwwroot/documents
[2026-01-30 09:55:45.641 +02:00 INF] [20d3750c-16d2-4cc9-8978-d412375e6f0f] FileSystem storage initialized at: wwwroot/documents
[2026-01-30 09:55:45.644 +02:00 INF] [77faf020-f7f1-42fb-8635-7dcf12febf31] HTTP POST /api/documents/generate responded 400 in 13.4422 ms
[2026-01-30 09:55:45.644 +02:00 INF] [08e79882-b206-4a21-9b10-17ed53864bef] HTTP POST /api/documents/generate responded 400 in 13.4341 ms
[2026-01-30 09:55:45.644 +02:00 INF] [659a8b98-f7b1-4b7a-83db-495bb66ce5a3] HTTP POST /api/documents/generate responded 400 in 13.4357 ms
[2026-01-30 09:55:45.644 +02:00 INF] [20d3750c-16d2-4cc9-8978-d412375e6f0f] HTTP POST /api/documents/generate responded 400 in 13.4297 ms
[2026-01-30 09:55:45.648 +02:00 INF] [13abe655-c247-47f4-96d9-4bb6bb6724af] HTTP POST /api/documents/generate started
[2026-01-30 09:55:45.693 +02:00 INF] [8bdfe1dd-0836-4408-945c-02871abb0c43] HTTP POST /api/documents/generate started
[2026-01-30 09:55:45.698 +02:00 INF] [929a5a48-d6f6-4cb3-9eb9-74ec42c299cd] HTTP POST /api/documents/generate started
[2026-01-30 09:55:45.648 +02:00 INF] [1c855f0b-5e0d-4a32-8f47-109d9f709fcf] HTTP POST /api/documents/generate started
[2026-01-30 09:55:45.802 +02:00 INF] [65bf8f71-3b9d-464d-98fe-e5ff4b34a109] HTTP POST /api/documents/generate started
[2026-01-30 09:55:45.807 +02:00 INF] [8bdfe1dd-0836-4408-945c-02871abb0c43] HTTP POST /api/documents/generate responded 429 in 113.4313 ms
[2026-01-30 09:55:45.807 +02:00 INF] [929a5a48-d6f6-4cb3-9eb9-74ec42c299cd] HTTP POST /api/documents/generate responded 429 in 109.0998 ms
[2026-01-30 09:55:45.807 +02:00 INF] [65bf8f71-3b9d-464d-98fe-e5ff4b34a109] HTTP POST /api/documents/generate responded 429 in 4.4034 ms
[2026-01-30 09:56:45.462 +02:00 INF] [13abe655-c247-47f4-96d9-4bb6bb6724af] FileSystem storage initialized at: wwwroot/documents
[2026-01-30 09:56:45.462 +02:00 INF] [1c855f0b-5e0d-4a32-8f47-109d9f709fcf] FileSystem storage initialized at: wwwroot/documents
[2026-01-30 09:56:45.552 +02:00 INF] [13abe655-c247-47f4-96d9-4bb6bb6724af] HTTP POST /api/documents/generate responded 400 in 59902.6349 ms
[2026-01-30 09:56:45.554 +02:00 INF] [1c855f0b-5e0d-4a32-8f47-109d9f709fcf] HTTP POST /api/documents/generate responded 400 in 59904.1614 ms
[2026-01-30 10:22:23.473 +02:00 INF] [] Starting application...
[2026-01-30 10:22:26.344 +02:00 INF] [] Database initialized
[2026-01-30 10:22:26.430 +02:00 INF] [] Registered PDF template for "TransactionStatement"
[2026-01-30 10:22:26.439 +02:00 INF] [] Registered 1 PDF template(s)
[2026-01-30 10:22:26.445 +02:00 INF] [] Document storage directory: /Users/fiskani/Documents/Interview/Capitec/DocumentService/Presentation/Document.Api/wwwroot/documents
[2026-01-30 10:22:26.587 +02:00 INF] [] Document Service starting up...
[2026-01-30 10:22:26.663 +02:00 INF] [] Initializing UI Database
[2026-01-30 10:22:27.374 +02:00 INF] [] Saving healthchecks configuration to database
[2026-01-30 10:22:28.260 +02:00 INF] [] Now listening on: http://localhost:5085
[2026-01-30 10:22:30.270 +02:00 INF] [] Start processing HTTP request GET http://localhost:5085/health
[2026-01-30 10:22:30.285 +02:00 INF] [] Sending HTTP request GET http://localhost:5085/health
[2026-01-30 10:22:30.431 +02:00 INF] [] Application started. Press Ctrl+C to shut down.
[2026-01-30 10:22:30.432 +02:00 INF] [] Hosting environment: Development
[2026-01-30 10:22:30.434 +02:00 INF] [] Content root path: /Users/fiskani/Documents/Interview/Capitec/DocumentService/Presentation/Document.Api
[2026-01-30 10:22:31.241 +02:00 INF] [0d64992e-0646-4145-b898-9da7312c011c] HTTP GET /health started
[2026-01-30 10:22:31.383 +02:00 INF] [0d64992e-0646-4145-b898-9da7312c011c] FileSystem storage initialized at: wwwroot/documents
[2026-01-30 10:22:31.454 +02:00 INF] [0d64992e-0646-4145-b898-9da7312c011c] Deleted file: healthcheck/test.txt
[2026-01-30 10:22:31.859 +02:00 INF] [0d64992e-0646-4145-b898-9da7312c011c] HTTP GET /health responded 200 in 617.9684 ms
[2026-01-30 10:22:31.888 +02:00 INF] [] Received HTTP response headers after 1592.8869ms - 200
[2026-01-30 10:22:31.899 +02:00 INF] [] End processing HTTP request after 1645.4633ms - 200
[2026-01-30 10:23:03.500 +02:00 INF] [] Start processing HTTP request GET http://localhost:5085/health
[2026-01-30 10:23:03.502 +02:00 INF] [] Sending HTTP request GET http://localhost:5085/health
[2026-01-30 10:23:03.507 +02:00 INF] [ec79337b-f8aa-466e-b246-58d2267d25d7] HTTP GET /health started
[2026-01-30 10:23:03.575 +02:00 INF] [ec79337b-f8aa-466e-b246-58d2267d25d7] FileSystem storage initialized at: wwwroot/documents
[2026-01-30 10:23:03.690 +02:00 INF] [ec79337b-f8aa-466e-b246-58d2267d25d7] Deleted file: healthcheck/test.txt
[2026-01-30 10:23:03.802 +02:00 INF] [ec79337b-f8aa-466e-b246-58d2267d25d7] HTTP GET /health responded 200 in 294.7803 ms
[2026-01-30 10:23:03.823 +02:00 INF] [] Received HTTP response headers after 319.7929ms - 200
[2026-01-30 10:23:03.823 +02:00 INF] [] End processing HTTP request after 323.6703ms - 200
[2026-01-30 10:23:33.875 +02:00 INF] [] Start processing HTTP request GET http://localhost:5085/health
[2026-01-30 10:23:33.876 +02:00 INF] [] Sending HTTP request GET http://localhost:5085/health
[2026-01-30 10:23:34.002 +02:00 INF] [e4ffe8ec-7a26-4e4f-81ec-c3b43f794058] HTTP GET /health started
[2026-01-30 10:23:34.175 +02:00 INF] [e4ffe8ec-7a26-4e4f-81ec-c3b43f794058] FileSystem storage initialized at: wwwroot/documents
[2026-01-30 10:23:34.290 +02:00 INF] [e4ffe8ec-7a26-4e4f-81ec-c3b43f794058] Deleted file: healthcheck/test.txt
[2026-01-30 10:23:34.291 +02:00 INF] [e4ffe8ec-7a26-4e4f-81ec-c3b43f794058] HTTP GET /health responded 200 in 288.7876 ms
[2026-01-30 10:23:34.292 +02:00 INF] [] Received HTTP response headers after 415.4542ms - 200
[2026-01-30 10:23:34.293 +02:00 INF] [] End processing HTTP request after 418.0075ms - 200
[2026-01-30 10:24:04.302 +02:00 INF] [] Start processing HTTP request GET http://localhost:5085/health
[2026-01-30 10:24:04.302 +02:00 INF] [] Sending HTTP request GET http://localhost:5085/health
[2026-01-30 10:24:04.332 +02:00 INF] [821b8c72-f8f8-4e28-9ac4-aa42417e8424] HTTP GET /health started
[2026-01-30 10:24:04.425 +02:00 INF] [821b8c72-f8f8-4e28-9ac4-aa42417e8424] FileSystem storage initialized at: wwwroot/documents
[2026-01-30 10:24:04.542 +02:00 INF] [821b8c72-f8f8-4e28-9ac4-aa42417e8424] Deleted file: healthcheck/test.txt
[2026-01-30 10:24:04.543 +02:00 INF] [821b8c72-f8f8-4e28-9ac4-aa42417e8424] HTTP GET /health responded 200 in 211.2176 ms
[2026-01-30 10:24:04.543 +02:00 INF] [] Received HTTP response headers after 240.3072ms - 200
[2026-01-30 10:24:04.544 +02:00 INF] [] End processing HTTP request after 242.1525ms - 200
[2026-01-30 10:24:30.987 +02:00 INF] [eeb8512b-e194-4721-bb05-b00fcbc43d0f] HTTP GET /health started
[2026-01-30 10:24:31.052 +02:00 INF] [eeb8512b-e194-4721-bb05-b00fcbc43d0f] FileSystem storage initialized at: wwwroot/documents
[2026-01-30 10:24:31.219 +02:00 INF] [eeb8512b-e194-4721-bb05-b00fcbc43d0f] Deleted file: healthcheck/test.txt
[2026-01-30 10:24:31.221 +02:00 INF] [eeb8512b-e194-4721-bb05-b00fcbc43d0f] HTTP GET /health responded 200 in 233.4855 ms
[2026-01-30 10:24:31.853 +02:00 INF] [c4caaee8-76f5-4a5c-94e8-1cd7db0d90d2] HTTP GET /favicon.ico started
[2026-01-30 10:24:31.887 +02:00 WRN] [c4caaee8-76f5-4a5c-94e8-1cd7db0d90d2] Failed to determine the https port for redirect.
[2026-01-30 10:24:31.908 +02:00 INF] [c4caaee8-76f5-4a5c-94e8-1cd7db0d90d2] HTTP GET /favicon.ico responded 404 in 54.2014 ms
[2026-01-30 10:24:34.563 +02:00 INF] [] Start processing HTTP request GET http://localhost:5085/health
[2026-01-30 10:24:34.563 +02:00 INF] [] Sending HTTP request GET http://localhost:5085/health
[2026-01-30 10:24:34.649 +02:00 INF] [40c11f31-6acd-4e5a-bc80-d21010da8f42] HTTP GET /health started
[2026-01-30 10:24:34.725 +02:00 INF] [40c11f31-6acd-4e5a-bc80-d21010da8f42] FileSystem storage initialized at: wwwroot/documents
[2026-01-30 10:24:34.912 +02:00 INF] [40c11f31-6acd-4e5a-bc80-d21010da8f42] Deleted file: healthcheck/test.txt
[2026-01-30 10:24:34.923 +02:00 INF] [40c11f31-6acd-4e5a-bc80-d21010da8f42] HTTP GET /health responded 200 in 273.0533 ms
[2026-01-30 10:24:34.923 +02:00 INF] [] Received HTTP response headers after 359.4971ms - 200
[2026-01-30 10:24:34.924 +02:00 INF] [] End processing HTTP request after 361.3149ms - 200
