2026-01-28 18:02:23.201 +02:00 [INF] Database initialized
2026-01-28 18:02:24.319 +02:00 [INF] Registered PDF template for "TransactionStatement"
2026-01-28 18:02:24.334 +02:00 [INF] Registered 1 PDF template(s)
2026-01-28 18:02:24.347 +02:00 [INF] Document storage directory: wwwroot/documents
2026-01-28 18:02:24.430 +02:00 [INF] Document Service starting up...
2026-01-28 18:02:24.582 +02:00 [INF] Now listening on: http://localhost:5085
2026-01-28 18:02:24.582 +02:00 [INF] Application started. Press Ctrl+C to shut down.
2026-01-28 18:02:24.583 +02:00 [INF] Hosting environment: Development
2026-01-28 18:02:24.583 +02:00 [INF] Content root path: /Users/fiskani/Documents/Interview/Capitec/DocumentService/Presentation/Document.Api
2026-01-28 18:02:49.708 +02:00 [WRN] Failed to determine the https port for redirect.
2026-01-28 18:02:49.718 +02:00 [INF] HTTP GET / responded 404 in 9.5240 ms
2026-01-28 18:03:32.240 +02:00 [ERR] HTTP GET /api/documents/types responded 500 in 12.4818 ms
System.InvalidOperationException: FileSystem:BasePath not configured
   at Document.Infrastructure.Storage.FileSystemStorageProvider..ctor(IConfiguration configuration, ILogger`1 logger) in /Users/fiskani/Documents/Interview/Capitec/DocumentService/Infrastructure/Document.Infrastructure/Storage/FileSystemStorageProvider.cs:line 15
   at System.RuntimeMethodHandle.InvokeMethod(Object target, Void** arguments, Signature sig, Boolean isConstructor)
   at System.Reflection.MethodBaseInvoker.InvokeDirectByRefWithFewArgs(Object obj, Span`1 copyOfArgs, BindingFlags invokeAttr)
   at System.Reflection.MethodBaseInvoker.InvokeWithFewArgs(Object obj, BindingFlags invokeAttr, Binder binder, Object[] parameters, CultureInfo culture)
   at Microsoft.Extensions.DependencyInjection.ServiceLookup.CallSiteVisitor`2.VisitCallSiteMain(ServiceCallSite callSite, TArgument argument)
   at Microsoft.Extensions.DependencyInjection.ServiceLookup.CallSiteRuntimeResolver.VisitCache(ServiceCallSite callSite, RuntimeResolverContext context, ServiceProviderEngineScope serviceProviderEngine, RuntimeResolverLock lockType)
   at Microsoft.Extensions.DependencyInjection.ServiceLookup.CallSiteRuntimeResolver.VisitScopeCache(ServiceCallSite callSite, RuntimeResolverContext context)
   at Microsoft.Extensions.DependencyInjection.ServiceLookup.CallSiteVisitor`2.VisitCallSite(ServiceCallSite callSite, TArgument argument)
   at Microsoft.Extensions.DependencyInjection.ServiceLookup.CallSiteVisitor`2.VisitCallSiteMain(ServiceCallSite callSite, TArgument argument)
   at Microsoft.Extensions.DependencyInjection.ServiceLookup.CallSiteRuntimeResolver.VisitCache(ServiceCallSite callSite, RuntimeResolverContext context, ServiceProviderEngineScope serviceProviderEngine, RuntimeResolverLock lockType)
   at Microsoft.Extensions.DependencyInjection.ServiceLookup.CallSiteRuntimeResolver.VisitScopeCache(ServiceCallSite callSite, RuntimeResolverContext context)
   at Microsoft.Extensions.DependencyInjection.ServiceLookup.CallSiteVisitor`2.VisitCallSite(ServiceCallSite callSite, TArgument argument)
   at Microsoft.Extensions.DependencyInjection.ServiceLookup.CallSiteVisitor`2.VisitCallSiteMain(ServiceCallSite callSite, TArgument argument)
   at Microsoft.Extensions.DependencyInjection.ServiceLookup.CallSiteRuntimeResolver.VisitCache(ServiceCallSite callSite, RuntimeResolverContext context, ServiceProviderEngineScope serviceProviderEngine, RuntimeResolverLock lockType)
   at Microsoft.Extensions.DependencyInjection.ServiceLookup.CallSiteRuntimeResolver.VisitScopeCache(ServiceCallSite callSite, RuntimeResolverContext context)
   at Microsoft.Extensions.DependencyInjection.ServiceLookup.CallSiteVisitor`2.VisitCallSite(ServiceCallSite callSite, TArgument argument)
   at Microsoft.Extensions.DependencyInjection.ServiceLookup.CallSiteRuntimeResolver.Resolve(ServiceCallSite callSite, ServiceProviderEngineScope scope)
   at Microsoft.Extensions.DependencyInjection.ServiceLookup.DynamicServiceProviderEngine.<>c__DisplayClass2_0.<RealizeService>b__0(ServiceProviderEngineScope scope)
   at Microsoft.Extensions.DependencyInjection.ServiceProvider.GetService(ServiceIdentifier serviceIdentifier, ServiceProviderEngineScope serviceProviderEngineScope)
   at Microsoft.Extensions.DependencyInjection.ServiceLookup.ServiceProviderEngineScope.GetService(Type serviceType)
   at Microsoft.Extensions.DependencyInjection.ServiceProviderServiceExtensions.GetRequiredService(IServiceProvider provider, Type serviceType)
   at lambda_method4(Closure, Object, HttpContext)
   at Asp.Versioning.Routing.ReportApiVersionsDecorator.<>c__DisplayClass4_0.<op_Implicit>b__0(HttpContext context)
   at Microsoft.AspNetCore.HttpsPolicy.HttpsRedirectionMiddleware.Invoke(HttpContext context)
   at Serilog.AspNetCore.RequestLoggingMiddleware.Invoke(HttpContext httpContext)
2026-01-28 18:03:32.582 +02:00 [ERR] An unhandled exception has occurred while executing the request.
System.InvalidOperationException: FileSystem:BasePath not configured
   at Document.Infrastructure.Storage.FileSystemStorageProvider..ctor(IConfiguration configuration, ILogger`1 logger) in /Users/fiskani/Documents/Interview/Capitec/DocumentService/Infrastructure/Document.Infrastructure/Storage/FileSystemStorageProvider.cs:line 15
   at System.RuntimeMethodHandle.InvokeMethod(Object target, Void** arguments, Signature sig, Boolean isConstructor)
   at System.Reflection.MethodBaseInvoker.InvokeDirectByRefWithFewArgs(Object obj, Span`1 copyOfArgs, BindingFlags invokeAttr)
   at System.Reflection.MethodBaseInvoker.InvokeWithFewArgs(Object obj, BindingFlags invokeAttr, Binder binder, Object[] parameters, CultureInfo culture)
   at Microsoft.Extensions.DependencyInjection.ServiceLookup.CallSiteVisitor`2.VisitCallSiteMain(ServiceCallSite callSite, TArgument argument)
   at Microsoft.Extensions.DependencyInjection.ServiceLookup.CallSiteRuntimeResolver.VisitCache(ServiceCallSite callSite, RuntimeResolverContext context, ServiceProviderEngineScope serviceProviderEngine, RuntimeResolverLock lockType)
   at Microsoft.Extensions.DependencyInjection.ServiceLookup.CallSiteRuntimeResolver.VisitScopeCache(ServiceCallSite callSite, RuntimeResolverContext context)
   at Microsoft.Extensions.DependencyInjection.ServiceLookup.CallSiteVisitor`2.VisitCallSite(ServiceCallSite callSite, TArgument argument)
   at Microsoft.Extensions.DependencyInjection.ServiceLookup.CallSiteVisitor`2.VisitCallSiteMain(ServiceCallSite callSite, TArgument argument)
   at Microsoft.Extensions.DependencyInjection.ServiceLookup.CallSiteRuntimeResolver.VisitCache(ServiceCallSite callSite, RuntimeResolverContext context, ServiceProviderEngineScope serviceProviderEngine, RuntimeResolverLock lockType)
   at Microsoft.Extensions.DependencyInjection.ServiceLookup.CallSiteRuntimeResolver.VisitScopeCache(ServiceCallSite callSite, RuntimeResolverContext context)
   at Microsoft.Extensions.DependencyInjection.ServiceLookup.CallSiteVisitor`2.VisitCallSite(ServiceCallSite callSite, TArgument argument)
   at Microsoft.Extensions.DependencyInjection.ServiceLookup.CallSiteVisitor`2.VisitCallSiteMain(ServiceCallSite callSite, TArgument argument)
   at Microsoft.Extensions.DependencyInjection.ServiceLookup.CallSiteRuntimeResolver.VisitCache(ServiceCallSite callSite, RuntimeResolverContext context, ServiceProviderEngineScope serviceProviderEngine, RuntimeResolverLock lockType)
   at Microsoft.Extensions.DependencyInjection.ServiceLookup.CallSiteRuntimeResolver.VisitScopeCache(ServiceCallSite callSite, RuntimeResolverContext context)
   at Microsoft.Extensions.DependencyInjection.ServiceLookup.CallSiteVisitor`2.VisitCallSite(ServiceCallSite callSite, TArgument argument)
   at Microsoft.Extensions.DependencyInjection.ServiceLookup.CallSiteRuntimeResolver.Resolve(ServiceCallSite callSite, ServiceProviderEngineScope scope)
   at Microsoft.Extensions.DependencyInjection.ServiceLookup.DynamicServiceProviderEngine.<>c__DisplayClass2_0.<RealizeService>b__0(ServiceProviderEngineScope scope)
   at Microsoft.Extensions.DependencyInjection.ServiceProvider.GetService(ServiceIdentifier serviceIdentifier, ServiceProviderEngineScope serviceProviderEngineScope)
   at Microsoft.Extensions.DependencyInjection.ServiceLookup.ServiceProviderEngineScope.GetService(Type serviceType)
   at Microsoft.Extensions.DependencyInjection.ServiceProviderServiceExtensions.GetRequiredService(IServiceProvider provider, Type serviceType)
   at lambda_method4(Closure, Object, HttpContext)
   at Asp.Versioning.Routing.ReportApiVersionsDecorator.<>c__DisplayClass4_0.<op_Implicit>b__0(HttpContext context)
   at Microsoft.AspNetCore.HttpsPolicy.HttpsRedirectionMiddleware.Invoke(HttpContext context)
   at Serilog.AspNetCore.RequestLoggingMiddleware.Invoke(HttpContext httpContext)
   at Swashbuckle.AspNetCore.SwaggerUI.SwaggerUIMiddleware.Invoke(HttpContext httpContext)
   at Swashbuckle.AspNetCore.Swagger.SwaggerMiddleware.Invoke(HttpContext httpContext, ISwaggerProvider swaggerProvider)
   at Microsoft.AspNetCore.Diagnostics.DeveloperExceptionPageMiddlewareImpl.Invoke(HttpContext context)
2026-01-28 18:03:55.340 +02:00 [ERR] HTTP POST /api/documents/generate responded 500 in 35.5303 ms
Microsoft.AspNetCore.Http.BadHttpRequestException: Failed to read parameter "GenerateDocumentRequest request" from the request body as JSON.
 ---> System.Text.Json.JsonException: 'P' is an invalid start of a value. Path: $ | LineNumber: 0 | BytePositionInLine: 0.
 ---> System.Text.Json.JsonReaderException: 'P' is an invalid start of a value. LineNumber: 0 | BytePositionInLine: 0.
   at System.Text.Json.ThrowHelper.ThrowJsonReaderException(Utf8JsonReader& json, ExceptionResource resource, Byte nextByte, ReadOnlySpan`1 bytes)
   at System.Text.Json.Utf8JsonReader.ConsumeValue(Byte marker)
   at System.Text.Json.Utf8JsonReader.ReadFirstToken(Byte first)
   at System.Text.Json.Utf8JsonReader.ReadSingleSegment()
   at System.Text.Json.Utf8JsonReader.Read()
   at System.Text.Json.Serialization.JsonConverter`1.ReadCore(Utf8JsonReader& reader, T& value, JsonSerializerOptions options, ReadStack& state)
   --- End of inner exception stack trace ---
   at System.Text.Json.ThrowHelper.ReThrowWithPath(ReadStack& state, JsonReaderException ex)
   at System.Text.Json.Serialization.JsonConverter`1.ReadCore(Utf8JsonReader& reader, T& value, JsonSerializerOptions options, ReadStack& state)
   at System.Text.Json.Serialization.Metadata.JsonTypeInfo`1.ContinueDeserialize[TReadBufferState,TStream](TReadBufferState& bufferState, JsonReaderState& jsonReaderState, ReadStack& readStack, T& value)
   at System.Text.Json.Serialization.Metadata.JsonTypeInfo`1.DeserializeAsync[TReadBufferState,TStream](TStream utf8Json, TReadBufferState bufferState, CancellationToken cancellationToken)
   at System.Text.Json.Serialization.Metadata.JsonTypeInfo`1.DeserializeAsObjectAsync(Stream utf8Json, CancellationToken cancellationToken)
   at Microsoft.AspNetCore.Http.HttpRequestJsonExtensions.ReadFromJsonAsync(HttpRequest request, JsonTypeInfo jsonTypeInfo, CancellationToken cancellationToken)
   at Microsoft.AspNetCore.Http.HttpRequestJsonExtensions.ReadFromJsonAsync(HttpRequest request, JsonTypeInfo jsonTypeInfo, CancellationToken cancellationToken)
   at Microsoft.AspNetCore.Http.RequestDelegateFactory.<HandleRequestBodyAndCompileRequestDelegateForJson>g__TryReadBodyAsync|102_0(HttpContext httpContext, Type bodyType, String parameterTypeName, String parameterName, Boolean allowEmptyRequestBody, Boolean throwOnBadRequest, JsonTypeInfo jsonTypeInfo)
   --- End of inner exception stack trace ---
   at Microsoft.AspNetCore.Http.RequestDelegateFactory.Log.InvalidJsonRequestBody(HttpContext httpContext, String parameterTypeName, String parameterName, Exception exception, Boolean shouldThrow)
   at Microsoft.AspNetCore.Http.RequestDelegateFactory.<HandleRequestBodyAndCompileRequestDelegateForJson>g__TryReadBodyAsync|102_0(HttpContext httpContext, Type bodyType, String parameterTypeName, String parameterName, Boolean allowEmptyRequestBody, Boolean throwOnBadRequest, JsonTypeInfo jsonTypeInfo)
   at Microsoft.AspNetCore.Http.RequestDelegateFactory.<>c__DisplayClass102_2.<<HandleRequestBodyAndCompileRequestDelegateForJson>b__2>d.MoveNext()
--- End of stack trace from previous location ---
   at Serilog.AspNetCore.RequestLoggingMiddleware.Invoke(HttpContext httpContext)
2026-01-28 18:03:55.368 +02:00 [ERR] An unhandled exception has occurred while executing the request.
Microsoft.AspNetCore.Http.BadHttpRequestException: Failed to read parameter "GenerateDocumentRequest request" from the request body as JSON.
 ---> System.Text.Json.JsonException: 'P' is an invalid start of a value. Path: $ | LineNumber: 0 | BytePositionInLine: 0.
 ---> System.Text.Json.JsonReaderException: 'P' is an invalid start of a value. LineNumber: 0 | BytePositionInLine: 0.
   at System.Text.Json.ThrowHelper.ThrowJsonReaderException(Utf8JsonReader& json, ExceptionResource resource, Byte nextByte, ReadOnlySpan`1 bytes)
   at System.Text.Json.Utf8JsonReader.ConsumeValue(Byte marker)
   at System.Text.Json.Utf8JsonReader.ReadFirstToken(Byte first)
   at System.Text.Json.Utf8JsonReader.ReadSingleSegment()
   at System.Text.Json.Utf8JsonReader.Read()
   at System.Text.Json.Serialization.JsonConverter`1.ReadCore(Utf8JsonReader& reader, T& value, JsonSerializerOptions options, ReadStack& state)
   --- End of inner exception stack trace ---
   at System.Text.Json.ThrowHelper.ReThrowWithPath(ReadStack& state, JsonReaderException ex)
   at System.Text.Json.Serialization.JsonConverter`1.ReadCore(Utf8JsonReader& reader, T& value, JsonSerializerOptions options, ReadStack& state)
   at System.Text.Json.Serialization.Metadata.JsonTypeInfo`1.ContinueDeserialize[TReadBufferState,TStream](TReadBufferState& bufferState, JsonReaderState& jsonReaderState, ReadStack& readStack, T& value)
   at System.Text.Json.Serialization.Metadata.JsonTypeInfo`1.DeserializeAsync[TReadBufferState,TStream](TStream utf8Json, TReadBufferState bufferState, CancellationToken cancellationToken)
   at System.Text.Json.Serialization.Metadata.JsonTypeInfo`1.DeserializeAsObjectAsync(Stream utf8Json, CancellationToken cancellationToken)
   at Microsoft.AspNetCore.Http.HttpRequestJsonExtensions.ReadFromJsonAsync(HttpRequest request, JsonTypeInfo jsonTypeInfo, CancellationToken cancellationToken)
   at Microsoft.AspNetCore.Http.HttpRequestJsonExtensions.ReadFromJsonAsync(HttpRequest request, JsonTypeInfo jsonTypeInfo, CancellationToken cancellationToken)
   at Microsoft.AspNetCore.Http.RequestDelegateFactory.<HandleRequestBodyAndCompileRequestDelegateForJson>g__TryReadBodyAsync|102_0(HttpContext httpContext, Type bodyType, String parameterTypeName, String parameterName, Boolean allowEmptyRequestBody, Boolean throwOnBadRequest, JsonTypeInfo jsonTypeInfo)
   --- End of inner exception stack trace ---
   at Microsoft.AspNetCore.Http.RequestDelegateFactory.Log.InvalidJsonRequestBody(HttpContext httpContext, String parameterTypeName, String parameterName, Exception exception, Boolean shouldThrow)
   at Microsoft.AspNetCore.Http.RequestDelegateFactory.<HandleRequestBodyAndCompileRequestDelegateForJson>g__TryReadBodyAsync|102_0(HttpContext httpContext, Type bodyType, String parameterTypeName, String parameterName, Boolean allowEmptyRequestBody, Boolean throwOnBadRequest, JsonTypeInfo jsonTypeInfo)
   at Microsoft.AspNetCore.Http.RequestDelegateFactory.<>c__DisplayClass102_2.<<HandleRequestBodyAndCompileRequestDelegateForJson>b__2>d.MoveNext()
--- End of stack trace from previous location ---
   at Serilog.AspNetCore.RequestLoggingMiddleware.Invoke(HttpContext httpContext)
   at Swashbuckle.AspNetCore.SwaggerUI.SwaggerUIMiddleware.Invoke(HttpContext httpContext)
   at Swashbuckle.AspNetCore.Swagger.SwaggerMiddleware.Invoke(HttpContext httpContext, ISwaggerProvider swaggerProvider)
   at Microsoft.AspNetCore.Diagnostics.DeveloperExceptionPageMiddlewareImpl.Invoke(HttpContext context)
2026-01-28 18:04:17.687 +02:00 [ERR] HTTP POST /api/documents/generate responded 500 in 66.3259 ms
System.InvalidOperationException: FileSystem:BasePath not configured
   at Document.Infrastructure.Storage.FileSystemStorageProvider..ctor(IConfiguration configuration, ILogger`1 logger) in /Users/fiskani/Documents/Interview/Capitec/DocumentService/Infrastructure/Document.Infrastructure/Storage/FileSystemStorageProvider.cs:line 15
   at InvokeStub_FileSystemStorageProvider..ctor(Object, Span`1)
   at System.Reflection.MethodBaseInvoker.InvokeWithFewArgs(Object obj, BindingFlags invokeAttr, Binder binder, Object[] parameters, CultureInfo culture)
   at Microsoft.Extensions.DependencyInjection.ServiceLookup.CallSiteVisitor`2.VisitCallSiteMain(ServiceCallSite callSite, TArgument argument)
   at Microsoft.Extensions.DependencyInjection.ServiceLookup.CallSiteRuntimeResolver.VisitCache(ServiceCallSite callSite, RuntimeResolverContext context, ServiceProviderEngineScope serviceProviderEngine, RuntimeResolverLock lockType)
   at Microsoft.Extensions.DependencyInjection.ServiceLookup.CallSiteRuntimeResolver.VisitScopeCache(ServiceCallSite callSite, RuntimeResolverContext context)
   at Microsoft.Extensions.DependencyInjection.ServiceLookup.CallSiteVisitor`2.VisitCallSite(ServiceCallSite callSite, TArgument argument)
   at Microsoft.Extensions.DependencyInjection.ServiceLookup.CallSiteVisitor`2.VisitCallSiteMain(ServiceCallSite callSite, TArgument argument)
   at Microsoft.Extensions.DependencyInjection.ServiceLookup.CallSiteRuntimeResolver.VisitCache(ServiceCallSite callSite, RuntimeResolverContext context, ServiceProviderEngineScope serviceProviderEngine, RuntimeResolverLock lockType)
   at Microsoft.Extensions.DependencyInjection.ServiceLookup.CallSiteRuntimeResolver.VisitScopeCache(ServiceCallSite callSite, RuntimeResolverContext context)
   at Microsoft.Extensions.DependencyInjection.ServiceLookup.CallSiteVisitor`2.VisitCallSite(ServiceCallSite callSite, TArgument argument)
   at Microsoft.Extensions.DependencyInjection.ServiceLookup.CallSiteVisitor`2.VisitCallSiteMain(ServiceCallSite callSite, TArgument argument)
   at Microsoft.Extensions.DependencyInjection.ServiceLookup.CallSiteRuntimeResolver.VisitCache(ServiceCallSite callSite, RuntimeResolverContext context, ServiceProviderEngineScope serviceProviderEngine, RuntimeResolverLock lockType)
   at Microsoft.Extensions.DependencyInjection.ServiceLookup.CallSiteRuntimeResolver.VisitScopeCache(ServiceCallSite callSite, RuntimeResolverContext context)
   at Microsoft.Extensions.DependencyInjection.ServiceLookup.CallSiteVisitor`2.VisitCallSite(ServiceCallSite callSite, TArgument argument)
   at Microsoft.Extensions.DependencyInjection.ServiceLookup.CallSiteRuntimeResolver.Resolve(ServiceCallSite callSite, ServiceProviderEngineScope scope)
   at Microsoft.Extensions.DependencyInjection.ServiceLookup.DynamicServiceProviderEngine.<>c__DisplayClass2_0.<RealizeService>b__0(ServiceProviderEngineScope scope)
   at Microsoft.Extensions.DependencyInjection.ServiceProviderServiceExtensions.GetRequiredService(IServiceProvider provider, Type serviceType)
   at lambda_method2(Closure, Object, HttpContext, Object)
   at Microsoft.AspNetCore.Http.RequestDelegateFactory.<>c__DisplayClass102_2.<<HandleRequestBodyAndCompileRequestDelegateForJson>b__2>d.MoveNext()
--- End of stack trace from previous location ---
   at Serilog.AspNetCore.RequestLoggingMiddleware.Invoke(HttpContext httpContext)
2026-01-28 18:04:17.690 +02:00 [ERR] An unhandled exception has occurred while executing the request.
System.InvalidOperationException: FileSystem:BasePath not configured
   at Document.Infrastructure.Storage.FileSystemStorageProvider..ctor(IConfiguration configuration, ILogger`1 logger) in /Users/fiskani/Documents/Interview/Capitec/DocumentService/Infrastructure/Document.Infrastructure/Storage/FileSystemStorageProvider.cs:line 15
   at InvokeStub_FileSystemStorageProvider..ctor(Object, Span`1)
   at System.Reflection.MethodBaseInvoker.InvokeWithFewArgs(Object obj, BindingFlags invokeAttr, Binder binder, Object[] parameters, CultureInfo culture)
   at Microsoft.Extensions.DependencyInjection.ServiceLookup.CallSiteVisitor`2.VisitCallSiteMain(ServiceCallSite callSite, TArgument argument)
   at Microsoft.Extensions.DependencyInjection.ServiceLookup.CallSiteRuntimeResolver.VisitCache(ServiceCallSite callSite, RuntimeResolverContext context, ServiceProviderEngineScope serviceProviderEngine, RuntimeResolverLock lockType)
   at Microsoft.Extensions.DependencyInjection.ServiceLookup.CallSiteRuntimeResolver.VisitScopeCache(ServiceCallSite callSite, RuntimeResolverContext context)
   at Microsoft.Extensions.DependencyInjection.ServiceLookup.CallSiteVisitor`2.VisitCallSite(ServiceCallSite callSite, TArgument argument)
   at Microsoft.Extensions.DependencyInjection.ServiceLookup.CallSiteVisitor`2.VisitCallSiteMain(ServiceCallSite callSite, TArgument argument)
   at Microsoft.Extensions.DependencyInjection.ServiceLookup.CallSiteRuntimeResolver.VisitCache(ServiceCallSite callSite, RuntimeResolverContext context, ServiceProviderEngineScope serviceProviderEngine, RuntimeResolverLock lockType)
   at Microsoft.Extensions.DependencyInjection.ServiceLookup.CallSiteRuntimeResolver.VisitScopeCache(ServiceCallSite callSite, RuntimeResolverContext context)
   at Microsoft.Extensions.DependencyInjection.ServiceLookup.CallSiteVisitor`2.VisitCallSite(ServiceCallSite callSite, TArgument argument)
   at Microsoft.Extensions.DependencyInjection.ServiceLookup.CallSiteVisitor`2.VisitCallSiteMain(ServiceCallSite callSite, TArgument argument)
   at Microsoft.Extensions.DependencyInjection.ServiceLookup.CallSiteRuntimeResolver.VisitCache(ServiceCallSite callSite, RuntimeResolverContext context, ServiceProviderEngineScope serviceProviderEngine, RuntimeResolverLock lockType)
   at Microsoft.Extensions.DependencyInjection.ServiceLookup.CallSiteRuntimeResolver.VisitScopeCache(ServiceCallSite callSite, RuntimeResolverContext context)
   at Microsoft.Extensions.DependencyInjection.ServiceLookup.CallSiteVisitor`2.VisitCallSite(ServiceCallSite callSite, TArgument argument)
   at Microsoft.Extensions.DependencyInjection.ServiceLookup.CallSiteRuntimeResolver.Resolve(ServiceCallSite callSite, ServiceProviderEngineScope scope)
   at Microsoft.Extensions.DependencyInjection.ServiceLookup.DynamicServiceProviderEngine.<>c__DisplayClass2_0.<RealizeService>b__0(ServiceProviderEngineScope scope)
   at Microsoft.Extensions.DependencyInjection.ServiceProviderServiceExtensions.GetRequiredService(IServiceProvider provider, Type serviceType)
   at lambda_method2(Closure, Object, HttpContext, Object)
   at Microsoft.AspNetCore.Http.RequestDelegateFactory.<>c__DisplayClass102_2.<<HandleRequestBodyAndCompileRequestDelegateForJson>b__2>d.MoveNext()
--- End of stack trace from previous location ---
   at Serilog.AspNetCore.RequestLoggingMiddleware.Invoke(HttpContext httpContext)
   at Swashbuckle.AspNetCore.SwaggerUI.SwaggerUIMiddleware.Invoke(HttpContext httpContext)
   at Swashbuckle.AspNetCore.Swagger.SwaggerMiddleware.Invoke(HttpContext httpContext, ISwaggerProvider swaggerProvider)
   at Microsoft.AspNetCore.Diagnostics.DeveloperExceptionPageMiddlewareImpl.Invoke(HttpContext context)
2026-01-28 18:05:26.057 +02:00 [ERR] HTTP POST /api/documents/generate responded 500 in 5.3363 ms
System.InvalidOperationException: FileSystem:BasePath not configured
   at Document.Infrastructure.Storage.FileSystemStorageProvider..ctor(IConfiguration configuration, ILogger`1 logger) in /Users/fiskani/Documents/Interview/Capitec/DocumentService/Infrastructure/Document.Infrastructure/Storage/FileSystemStorageProvider.cs:line 15
   at InvokeStub_FileSystemStorageProvider..ctor(Object, Span`1)
   at System.Reflection.MethodBaseInvoker.InvokeWithFewArgs(Object obj, BindingFlags invokeAttr, Binder binder, Object[] parameters, CultureInfo culture)
   at Microsoft.Extensions.DependencyInjection.ServiceLookup.CallSiteVisitor`2.VisitCallSiteMain(ServiceCallSite callSite, TArgument argument)
   at Microsoft.Extensions.DependencyInjection.ServiceLookup.CallSiteRuntimeResolver.VisitCache(ServiceCallSite callSite, RuntimeResolverContext context, ServiceProviderEngineScope serviceProviderEngine, RuntimeResolverLock lockType)
   at Microsoft.Extensions.DependencyInjection.ServiceLookup.CallSiteRuntimeResolver.VisitScopeCache(ServiceCallSite callSite, RuntimeResolverContext context)
   at Microsoft.Extensions.DependencyInjection.ServiceLookup.CallSiteVisitor`2.VisitCallSite(ServiceCallSite callSite, TArgument argument)
   at Microsoft.Extensions.DependencyInjection.ServiceLookup.CallSiteVisitor`2.VisitCallSiteMain(ServiceCallSite callSite, TArgument argument)
   at Microsoft.Extensions.DependencyInjection.ServiceLookup.CallSiteRuntimeResolver.VisitCache(ServiceCallSite callSite, RuntimeResolverContext context, ServiceProviderEngineScope serviceProviderEngine, RuntimeResolverLock lockType)
   at Microsoft.Extensions.DependencyInjection.ServiceLookup.CallSiteRuntimeResolver.VisitScopeCache(ServiceCallSite callSite, RuntimeResolverContext context)
   at Microsoft.Extensions.DependencyInjection.ServiceLookup.CallSiteVisitor`2.VisitCallSite(ServiceCallSite callSite, TArgument argument)
   at Microsoft.Extensions.DependencyInjection.ServiceLookup.CallSiteVisitor`2.VisitCallSiteMain(ServiceCallSite callSite, TArgument argument)
   at Microsoft.Extensions.DependencyInjection.ServiceLookup.CallSiteRuntimeResolver.VisitCache(ServiceCallSite callSite, RuntimeResolverContext context, ServiceProviderEngineScope serviceProviderEngine, RuntimeResolverLock lockType)
   at Microsoft.Extensions.DependencyInjection.ServiceLookup.CallSiteRuntimeResolver.VisitScopeCache(ServiceCallSite callSite, RuntimeResolverContext context)
   at Microsoft.Extensions.DependencyInjection.ServiceLookup.CallSiteVisitor`2.VisitCallSite(ServiceCallSite callSite, TArgument argument)
   at Microsoft.Extensions.DependencyInjection.ServiceLookup.CallSiteRuntimeResolver.Resolve(ServiceCallSite callSite, ServiceProviderEngineScope scope)
   at Microsoft.Extensions.DependencyInjection.ServiceLookup.DynamicServiceProviderEngine.<>c__DisplayClass2_0.<RealizeService>b__0(ServiceProviderEngineScope scope)
   at Microsoft.Extensions.DependencyInjection.ServiceProviderServiceExtensions.GetRequiredService(IServiceProvider provider, Type serviceType)
   at lambda_method2(Closure, Object, HttpContext, Object)
   at Microsoft.AspNetCore.Http.RequestDelegateFactory.<>c__DisplayClass102_2.<<HandleRequestBodyAndCompileRequestDelegateForJson>b__2>d.MoveNext()
--- End of stack trace from previous location ---
   at Serilog.AspNetCore.RequestLoggingMiddleware.Invoke(HttpContext httpContext)
2026-01-28 18:05:26.063 +02:00 [ERR] An unhandled exception has occurred while executing the request.
System.InvalidOperationException: FileSystem:BasePath not configured
   at Document.Infrastructure.Storage.FileSystemStorageProvider..ctor(IConfiguration configuration, ILogger`1 logger) in /Users/fiskani/Documents/Interview/Capitec/DocumentService/Infrastructure/Document.Infrastructure/Storage/FileSystemStorageProvider.cs:line 15
   at InvokeStub_FileSystemStorageProvider..ctor(Object, Span`1)
   at System.Reflection.MethodBaseInvoker.InvokeWithFewArgs(Object obj, BindingFlags invokeAttr, Binder binder, Object[] parameters, CultureInfo culture)
   at Microsoft.Extensions.DependencyInjection.ServiceLookup.CallSiteVisitor`2.VisitCallSiteMain(ServiceCallSite callSite, TArgument argument)
   at Microsoft.Extensions.DependencyInjection.ServiceLookup.CallSiteRuntimeResolver.VisitCache(ServiceCallSite callSite, RuntimeResolverContext context, ServiceProviderEngineScope serviceProviderEngine, RuntimeResolverLock lockType)
   at Microsoft.Extensions.DependencyInjection.ServiceLookup.CallSiteRuntimeResolver.VisitScopeCache(ServiceCallSite callSite, RuntimeResolverContext context)
   at Microsoft.Extensions.DependencyInjection.ServiceLookup.CallSiteVisitor`2.VisitCallSite(ServiceCallSite callSite, TArgument argument)
   at Microsoft.Extensions.DependencyInjection.ServiceLookup.CallSiteVisitor`2.VisitCallSiteMain(ServiceCallSite callSite, TArgument argument)
   at Microsoft.Extensions.DependencyInjection.ServiceLookup.CallSiteRuntimeResolver.VisitCache(ServiceCallSite callSite, RuntimeResolverContext context, ServiceProviderEngineScope serviceProviderEngine, RuntimeResolverLock lockType)
   at Microsoft.Extensions.DependencyInjection.ServiceLookup.CallSiteRuntimeResolver.VisitScopeCache(ServiceCallSite callSite, RuntimeResolverContext context)
   at Microsoft.Extensions.DependencyInjection.ServiceLookup.CallSiteVisitor`2.VisitCallSite(ServiceCallSite callSite, TArgument argument)
   at Microsoft.Extensions.DependencyInjection.ServiceLookup.CallSiteVisitor`2.VisitCallSiteMain(ServiceCallSite callSite, TArgument argument)
   at Microsoft.Extensions.DependencyInjection.ServiceLookup.CallSiteRuntimeResolver.VisitCache(ServiceCallSite callSite, RuntimeResolverContext context, ServiceProviderEngineScope serviceProviderEngine, RuntimeResolverLock lockType)
   at Microsoft.Extensions.DependencyInjection.ServiceLookup.CallSiteRuntimeResolver.VisitScopeCache(ServiceCallSite callSite, RuntimeResolverContext context)
   at Microsoft.Extensions.DependencyInjection.ServiceLookup.CallSiteVisitor`2.VisitCallSite(ServiceCallSite callSite, TArgument argument)
   at Microsoft.Extensions.DependencyInjection.ServiceLookup.CallSiteRuntimeResolver.Resolve(ServiceCallSite callSite, ServiceProviderEngineScope scope)
   at Microsoft.Extensions.DependencyInjection.ServiceLookup.DynamicServiceProviderEngine.<>c__DisplayClass2_0.<RealizeService>b__0(ServiceProviderEngineScope scope)
   at Microsoft.Extensions.DependencyInjection.ServiceProviderServiceExtensions.GetRequiredService(IServiceProvider provider, Type serviceType)
   at lambda_method2(Closure, Object, HttpContext, Object)
   at Microsoft.AspNetCore.Http.RequestDelegateFactory.<>c__DisplayClass102_2.<<HandleRequestBodyAndCompileRequestDelegateForJson>b__2>d.MoveNext()
--- End of stack trace from previous location ---
   at Serilog.AspNetCore.RequestLoggingMiddleware.Invoke(HttpContext httpContext)
   at Swashbuckle.AspNetCore.SwaggerUI.SwaggerUIMiddleware.Invoke(HttpContext httpContext)
   at Swashbuckle.AspNetCore.Swagger.SwaggerMiddleware.Invoke(HttpContext httpContext, ISwaggerProvider swaggerProvider)
   at Microsoft.AspNetCore.Diagnostics.DeveloperExceptionPageMiddlewareImpl.Invoke(HttpContext context)
2026-01-28 18:05:32.100 +02:00 [ERR] HTTP POST /api/documents/generate responded 500 in 1.0505 ms
System.InvalidOperationException: FileSystem:BasePath not configured
   at Document.Infrastructure.Storage.FileSystemStorageProvider..ctor(IConfiguration configuration, ILogger`1 logger) in /Users/fiskani/Documents/Interview/Capitec/DocumentService/Infrastructure/Document.Infrastructure/Storage/FileSystemStorageProvider.cs:line 15
   at InvokeStub_FileSystemStorageProvider..ctor(Object, Span`1)
   at System.Reflection.MethodBaseInvoker.InvokeWithFewArgs(Object obj, BindingFlags invokeAttr, Binder binder, Object[] parameters, CultureInfo culture)
   at Microsoft.Extensions.DependencyInjection.ServiceLookup.CallSiteVisitor`2.VisitCallSiteMain(ServiceCallSite callSite, TArgument argument)
   at Microsoft.Extensions.DependencyInjection.ServiceLookup.CallSiteRuntimeResolver.VisitCache(ServiceCallSite callSite, RuntimeResolverContext context, ServiceProviderEngineScope serviceProviderEngine, RuntimeResolverLock lockType)
   at Microsoft.Extensions.DependencyInjection.ServiceLookup.CallSiteRuntimeResolver.VisitScopeCache(ServiceCallSite callSite, RuntimeResolverContext context)
   at Microsoft.Extensions.DependencyInjection.ServiceLookup.CallSiteVisitor`2.VisitCallSite(ServiceCallSite callSite, TArgument argument)
   at Microsoft.Extensions.DependencyInjection.ServiceLookup.CallSiteVisitor`2.VisitCallSiteMain(ServiceCallSite callSite, TArgument argument)
   at Microsoft.Extensions.DependencyInjection.ServiceLookup.CallSiteRuntimeResolver.VisitCache(ServiceCallSite callSite, RuntimeResolverContext context, ServiceProviderEngineScope serviceProviderEngine, RuntimeResolverLock lockType)
   at Microsoft.Extensions.DependencyInjection.ServiceLookup.CallSiteRuntimeResolver.VisitScopeCache(ServiceCallSite callSite, RuntimeResolverContext context)
   at Microsoft.Extensions.DependencyInjection.ServiceLookup.CallSiteVisitor`2.VisitCallSite(ServiceCallSite callSite, TArgument argument)
   at Microsoft.Extensions.DependencyInjection.ServiceLookup.CallSiteVisitor`2.VisitCallSiteMain(ServiceCallSite callSite, TArgument argument)
   at Microsoft.Extensions.DependencyInjection.ServiceLookup.CallSiteRuntimeResolver.VisitCache(ServiceCallSite callSite, RuntimeResolverContext context, ServiceProviderEngineScope serviceProviderEngine, RuntimeResolverLock lockType)
   at Microsoft.Extensions.DependencyInjection.ServiceLookup.CallSiteRuntimeResolver.VisitScopeCache(ServiceCallSite callSite, RuntimeResolverContext context)
   at Microsoft.Extensions.DependencyInjection.ServiceLookup.CallSiteVisitor`2.VisitCallSite(ServiceCallSite callSite, TArgument argument)
   at Microsoft.Extensions.DependencyInjection.ServiceLookup.CallSiteRuntimeResolver.Resolve(ServiceCallSite callSite, ServiceProviderEngineScope scope)
   at Microsoft.Extensions.DependencyInjection.ServiceLookup.DynamicServiceProviderEngine.<>c__DisplayClass2_0.<RealizeService>b__0(ServiceProviderEngineScope scope)
   at Microsoft.Extensions.DependencyInjection.ServiceProviderServiceExtensions.GetRequiredService(IServiceProvider provider, Type serviceType)
   at lambda_method2(Closure, Object, HttpContext, Object)
   at Microsoft.AspNetCore.Http.RequestDelegateFactory.<>c__DisplayClass102_2.<<HandleRequestBodyAndCompileRequestDelegateForJson>b__2>d.MoveNext()
--- End of stack trace from previous location ---
   at Serilog.AspNetCore.RequestLoggingMiddleware.Invoke(HttpContext httpContext)
2026-01-28 18:05:32.128 +02:00 [ERR] An unhandled exception has occurred while executing the request.
System.InvalidOperationException: FileSystem:BasePath not configured
   at Document.Infrastructure.Storage.FileSystemStorageProvider..ctor(IConfiguration configuration, ILogger`1 logger) in /Users/fiskani/Documents/Interview/Capitec/DocumentService/Infrastructure/Document.Infrastructure/Storage/FileSystemStorageProvider.cs:line 15
   at InvokeStub_FileSystemStorageProvider..ctor(Object, Span`1)
   at System.Reflection.MethodBaseInvoker.InvokeWithFewArgs(Object obj, BindingFlags invokeAttr, Binder binder, Object[] parameters, CultureInfo culture)
   at Microsoft.Extensions.DependencyInjection.ServiceLookup.CallSiteVisitor`2.VisitCallSiteMain(ServiceCallSite callSite, TArgument argument)
   at Microsoft.Extensions.DependencyInjection.ServiceLookup.CallSiteRuntimeResolver.VisitCache(ServiceCallSite callSite, RuntimeResolverContext context, ServiceProviderEngineScope serviceProviderEngine, RuntimeResolverLock lockType)
   at Microsoft.Extensions.DependencyInjection.ServiceLookup.CallSiteRuntimeResolver.VisitScopeCache(ServiceCallSite callSite, RuntimeResolverContext context)
   at Microsoft.Extensions.DependencyInjection.ServiceLookup.CallSiteVisitor`2.VisitCallSite(ServiceCallSite callSite, TArgument argument)
   at Microsoft.Extensions.DependencyInjection.ServiceLookup.CallSiteVisitor`2.VisitCallSiteMain(ServiceCallSite callSite, TArgument argument)
   at Microsoft.Extensions.DependencyInjection.ServiceLookup.CallSiteRuntimeResolver.VisitCache(ServiceCallSite callSite, RuntimeResolverContext context, ServiceProviderEngineScope serviceProviderEngine, RuntimeResolverLock lockType)
   at Microsoft.Extensions.DependencyInjection.ServiceLookup.CallSiteRuntimeResolver.VisitScopeCache(ServiceCallSite callSite, RuntimeResolverContext context)
   at Microsoft.Extensions.DependencyInjection.ServiceLookup.CallSiteVisitor`2.VisitCallSite(ServiceCallSite callSite, TArgument argument)
   at Microsoft.Extensions.DependencyInjection.ServiceLookup.CallSiteVisitor`2.VisitCallSiteMain(ServiceCallSite callSite, TArgument argument)
   at Microsoft.Extensions.DependencyInjection.ServiceLookup.CallSiteRuntimeResolver.VisitCache(ServiceCallSite callSite, RuntimeResolverContext context, ServiceProviderEngineScope serviceProviderEngine, RuntimeResolverLock lockType)
   at Microsoft.Extensions.DependencyInjection.ServiceLookup.CallSiteRuntimeResolver.VisitScopeCache(ServiceCallSite callSite, RuntimeResolverContext context)
   at Microsoft.Extensions.DependencyInjection.ServiceLookup.CallSiteVisitor`2.VisitCallSite(ServiceCallSite callSite, TArgument argument)
   at Microsoft.Extensions.DependencyInjection.ServiceLookup.CallSiteRuntimeResolver.Resolve(ServiceCallSite callSite, ServiceProviderEngineScope scope)
   at Microsoft.Extensions.DependencyInjection.ServiceLookup.DynamicServiceProviderEngine.<>c__DisplayClass2_0.<RealizeService>b__0(ServiceProviderEngineScope scope)
   at Microsoft.Extensions.DependencyInjection.ServiceProviderServiceExtensions.GetRequiredService(IServiceProvider provider, Type serviceType)
   at lambda_method2(Closure, Object, HttpContext, Object)
   at Microsoft.AspNetCore.Http.RequestDelegateFactory.<>c__DisplayClass102_2.<<HandleRequestBodyAndCompileRequestDelegateForJson>b__2>d.MoveNext()
--- End of stack trace from previous location ---
   at Serilog.AspNetCore.RequestLoggingMiddleware.Invoke(HttpContext httpContext)
   at Swashbuckle.AspNetCore.SwaggerUI.SwaggerUIMiddleware.Invoke(HttpContext httpContext)
   at Swashbuckle.AspNetCore.Swagger.SwaggerMiddleware.Invoke(HttpContext httpContext, ISwaggerProvider swaggerProvider)
   at Microsoft.AspNetCore.Diagnostics.DeveloperExceptionPageMiddlewareImpl.Invoke(HttpContext context)
2026-01-28 18:06:10.545 +02:00 [INF] Application is shutting down...
2026-01-28 18:06:20.354 +02:00 [INF] Database initialized
2026-01-28 18:06:20.484 +02:00 [INF] Registered PDF template for "TransactionStatement"
2026-01-28 18:06:20.495 +02:00 [INF] Registered 1 PDF template(s)
2026-01-28 18:06:20.523 +02:00 [INF] Document storage directory: /Users/fiskani/Documents/Interview/Capitec/DocumentService/Presentation/Document.Api/wwwroot/documents
2026-01-28 18:06:20.586 +02:00 [INF] Document Service starting up...
2026-01-28 18:06:20.714 +02:00 [INF] Now listening on: http://localhost:5085
2026-01-28 18:06:20.715 +02:00 [INF] Application started. Press Ctrl+C to shut down.
2026-01-28 18:06:20.715 +02:00 [INF] Hosting environment: Development
2026-01-28 18:06:20.716 +02:00 [INF] Content root path: /Users/fiskani/Documents/Interview/Capitec/DocumentService/Presentation/Document.Api
2026-01-28 18:06:36.671 +02:00 [WRN] Failed to determine the https port for redirect.
2026-01-28 18:06:36.685 +02:00 [INF] FileSystem storage initialized at: wwwroot/documents
2026-01-28 18:06:36.844 +02:00 [INF] HTTP GET /api/documents/types responded 200 in 171.7965 ms
2026-01-28 18:07:06.612 +02:00 [INF] FileSystem storage initialized at: wwwroot/documents
2026-01-28 18:07:06.622 +02:00 [INF] Generating "TransactionStatement" document
2026-01-28 18:07:06.633 +02:00 [WRN] Validation failed for "TransactionStatement": Field 'customerId' must be a number
2026-01-28 18:07:06.674 +02:00 [INF] HTTP POST /api/documents/generate responded 400 in 101.6508 ms
2026-01-28 18:08:47.279 +02:00 [ERR] HTTP POST /api/documents/generate responded 500 in 17.5779 ms
System.InvalidOperationException: FileSystem:BasePath not configured
   at Document.Infrastructure.Storage.FileSystemStorageProvider..ctor(IConfiguration configuration, ILogger`1 logger) in /Users/fiskani/Documents/Interview/Capitec/DocumentService/Infrastructure/Document.Infrastructure/Storage/FileSystemStorageProvider.cs:line 15
   at ResolveService(ILEmitResolverBuilderRuntimeContext, ServiceProviderEngineScope)
   at ResolveService(ILEmitResolverBuilderRuntimeContext, ServiceProviderEngineScope)
   at ResolveService(ILEmitResolverBuilderRuntimeContext, ServiceProviderEngineScope)
   at Microsoft.Extensions.DependencyInjection.ServiceProvider.GetService(ServiceIdentifier serviceIdentifier, ServiceProviderEngineScope serviceProviderEngineScope)
   at Microsoft.Extensions.DependencyInjection.ServiceLookup.ServiceProviderEngineScope.GetService(Type serviceType)
   at Microsoft.Extensions.DependencyInjection.ServiceProviderServiceExtensions.GetRequiredService(IServiceProvider provider, Type serviceType)
   at lambda_method2(Closure, Object, HttpContext, Object)
   at Microsoft.AspNetCore.Http.RequestDelegateFactory.<>c__DisplayClass102_2.<<HandleRequestBodyAndCompileRequestDelegateForJson>b__2>d.MoveNext()
--- End of stack trace from previous location ---
   at Serilog.AspNetCore.RequestLoggingMiddleware.Invoke(HttpContext httpContext)
2026-01-28 18:08:47.325 +02:00 [ERR] An unhandled exception has occurred while executing the request.
System.InvalidOperationException: FileSystem:BasePath not configured
   at Document.Infrastructure.Storage.FileSystemStorageProvider..ctor(IConfiguration configuration, ILogger`1 logger) in /Users/fiskani/Documents/Interview/Capitec/DocumentService/Infrastructure/Document.Infrastructure/Storage/FileSystemStorageProvider.cs:line 15
   at ResolveService(ILEmitResolverBuilderRuntimeContext, ServiceProviderEngineScope)
   at ResolveService(ILEmitResolverBuilderRuntimeContext, ServiceProviderEngineScope)
   at ResolveService(ILEmitResolverBuilderRuntimeContext, ServiceProviderEngineScope)
   at Microsoft.Extensions.DependencyInjection.ServiceProvider.GetService(ServiceIdentifier serviceIdentifier, ServiceProviderEngineScope serviceProviderEngineScope)
   at Microsoft.Extensions.DependencyInjection.ServiceLookup.ServiceProviderEngineScope.GetService(Type serviceType)
   at Microsoft.Extensions.DependencyInjection.ServiceProviderServiceExtensions.GetRequiredService(IServiceProvider provider, Type serviceType)
   at lambda_method2(Closure, Object, HttpContext, Object)
   at Microsoft.AspNetCore.Http.RequestDelegateFactory.<>c__DisplayClass102_2.<<HandleRequestBodyAndCompileRequestDelegateForJson>b__2>d.MoveNext()
--- End of stack trace from previous location ---
   at Serilog.AspNetCore.RequestLoggingMiddleware.Invoke(HttpContext httpContext)
   at Swashbuckle.AspNetCore.SwaggerUI.SwaggerUIMiddleware.Invoke(HttpContext httpContext)
   at Swashbuckle.AspNetCore.Swagger.SwaggerMiddleware.Invoke(HttpContext httpContext, ISwaggerProvider swaggerProvider)
   at Microsoft.AspNetCore.Diagnostics.DeveloperExceptionPageMiddlewareImpl.Invoke(HttpContext context)
2026-01-28 18:08:55.394 +02:00 [INF] Application is shutting down...
2026-01-28 18:09:04.842 +02:00 [INF] Database initialized
2026-01-28 18:09:05.113 +02:00 [INF] Registered PDF template for "TransactionStatement"
2026-01-28 18:09:05.133 +02:00 [INF] Registered 1 PDF template(s)
2026-01-28 18:09:05.156 +02:00 [INF] Document storage directory: /Users/fiskani/Documents/Interview/Capitec/DocumentService/Presentation/Document.Api/wwwroot/documents
2026-01-28 18:09:05.200 +02:00 [INF] Document Service starting up...
2026-01-28 18:09:05.338 +02:00 [INF] Now listening on: http://localhost:5085
2026-01-28 18:09:05.339 +02:00 [INF] Application started. Press Ctrl+C to shut down.
2026-01-28 18:09:05.339 +02:00 [INF] Hosting environment: Development
2026-01-28 18:09:05.340 +02:00 [INF] Content root path: /Users/fiskani/Documents/Interview/Capitec/DocumentService/Presentation/Document.Api
2026-01-28 18:09:14.350 +02:00 [WRN] Failed to determine the https port for redirect.
2026-01-28 18:09:14.427 +02:00 [INF] FileSystem storage initialized at: wwwroot/documents
2026-01-28 18:09:14.454 +02:00 [INF] Generating "TransactionStatement" document
2026-01-28 18:09:14.464 +02:00 [WRN] Validation failed for "TransactionStatement": Field 'customerId' must be a number
2026-01-28 18:09:14.546 +02:00 [INF] HTTP POST /api/documents/generate responded 400 in 195.8417 ms
2026-01-28 18:10:08.322 +02:00 [INF] FileSystem storage initialized at: wwwroot/documents
2026-01-28 18:10:08.324 +02:00 [INF] Generating "TransactionStatement" document
2026-01-28 18:10:08.325 +02:00 [WRN] Validation failed for "TransactionStatement": Field 'customerId' must be a number
2026-01-28 18:10:08.327 +02:00 [INF] HTTP POST /api/documents/generate responded 400 in 7.8130 ms
2026-01-28 18:10:13.381 +02:00 [INF] Application is shutting down...
2026-01-28 18:10:21.882 +02:00 [INF] Database initialized
2026-01-28 18:10:22.017 +02:00 [INF] Registered PDF template for "TransactionStatement"
2026-01-28 18:10:22.027 +02:00 [INF] Registered 1 PDF template(s)
2026-01-28 18:10:22.033 +02:00 [INF] Document storage directory: /Users/fiskani/Documents/Interview/Capitec/DocumentService/Presentation/Document.Api/wwwroot/documents
2026-01-28 18:10:22.077 +02:00 [INF] Document Service starting up...
2026-01-28 18:10:22.172 +02:00 [INF] Now listening on: http://localhost:5085
2026-01-28 18:10:22.173 +02:00 [INF] Application started. Press Ctrl+C to shut down.
2026-01-28 18:10:22.173 +02:00 [INF] Hosting environment: Development
2026-01-28 18:10:22.174 +02:00 [INF] Content root path: /Users/fiskani/Documents/Interview/Capitec/DocumentService/Presentation/Document.Api
2026-01-28 18:10:30.482 +02:00 [WRN] Failed to determine the https port for redirect.
2026-01-28 18:10:30.541 +02:00 [INF] FileSystem storage initialized at: wwwroot/documents
2026-01-28 18:10:30.576 +02:00 [INF] Generating "TransactionStatement" document
2026-01-28 18:10:30.581 +02:00 [INF] Rendering Transaction Statement PDF
2026-01-28 18:10:31.442 +02:00 [INF] Transaction Statement PDF generated successfully
2026-01-28 18:10:31.898 +02:00 [INF] Stored "TransactionStatement" document "990d1854-3d98-4e9c-8dfc-626ed8c2fcda", size: 126470 bytes
2026-01-28 18:10:31.902 +02:00 [INF] "TransactionStatement" document "990d1854-3d98-4e9c-8dfc-626ed8c2fcda" generated successfully
2026-01-28 18:10:31.975 +02:00 [INF] HTTP POST /api/documents/generate responded 200 in 1494.0910 ms
2026-01-28 18:10:51.018 +02:00 [INF] FileSystem storage initialized at: wwwroot/documents
2026-01-28 18:10:51.623 +02:00 [INF] Document "990d1854-3d98-4e9c-8dfc-626ed8c2fcda" downloaded (1/10)
2026-01-28 18:10:51.677 +02:00 [INF] HTTP GET /api/documents/990d1854-3d98-4e9c-8dfc-626ed8c2fcda/download responded 200 in 660.8350 ms
2026-01-28 18:12:06.874 +02:00 [INF] FileSystem storage initialized at: wwwroot/documents
2026-01-28 18:12:06.910 +02:00 [INF] Document "990d1854-3d98-4e9c-8dfc-626ed8c2fcda" downloaded (2/10)
2026-01-28 18:12:06.920 +02:00 [INF] HTTP GET /api/documents/990d1854-3d98-4e9c-8dfc-626ed8c2fcda/download responded 200 in 46.5778 ms
2026-01-28 20:59:31.058 +02:00 [INF] Application is shutting down...
[2026-01-28 21:37:29.387 +02:00 INF] [] Starting application...
[2026-01-28 21:37:31.808 +02:00 INF] [] Database initialized
[2026-01-28 21:37:31.883 +02:00 INF] [] Registered PDF template for "TransactionStatement"
[2026-01-28 21:37:31.897 +02:00 INF] [] Registered 1 PDF template(s)
[2026-01-28 21:37:31.909 +02:00 INF] [] Document storage directory: /Users/fiskani/Documents/Interview/Capitec/DocumentService/Presentation/Document.Api/wwwroot/documents
[2026-01-28 21:37:31.977 +02:00 INF] [] Document Service starting up...
[2026-01-28 21:37:32.106 +02:00 INF] [] Now listening on: http://localhost:5085
[2026-01-28 21:37:32.106 +02:00 INF] [] Application started. Press Ctrl+C to shut down.
[2026-01-28 21:37:32.107 +02:00 INF] [] Hosting environment: Development
[2026-01-28 21:37:32.107 +02:00 INF] [] Content root path: /Users/fiskani/Documents/Interview/Capitec/DocumentService/Presentation/Document.Api
[2026-01-28 21:37:43.981 +02:00 INF] [d9f8b636-c0f9-4960-89d4-4ada1f41fed4] HTTP POST /api/documents/generate started
[2026-01-28 21:37:43.995 +02:00 WRN] [d9f8b636-c0f9-4960-89d4-4ada1f41fed4] Failed to determine the https port for redirect.
[2026-01-28 21:37:44.093 +02:00 INF] [d9f8b636-c0f9-4960-89d4-4ada1f41fed4] FileSystem storage initialized at: wwwroot/documents
[2026-01-28 21:37:44.113 +02:00 INF] [d9f8b636-c0f9-4960-89d4-4ada1f41fed4] Generating "TransactionStatement" document
[2026-01-28 21:37:44.125 +02:00 INF] [d9f8b636-c0f9-4960-89d4-4ada1f41fed4] Rendering Transaction Statement PDF
[2026-01-28 21:37:45.109 +02:00 INF] [d9f8b636-c0f9-4960-89d4-4ada1f41fed4] Transaction Statement PDF generated successfully
[2026-01-28 21:37:45.603 +02:00 INF] [d9f8b636-c0f9-4960-89d4-4ada1f41fed4] Stored "TransactionStatement" document "01f52deb-66f4-4715-a946-d2deeec2e8b7", size: 126890 bytes
[2026-01-28 21:37:45.605 +02:00 INF] [d9f8b636-c0f9-4960-89d4-4ada1f41fed4] "TransactionStatement" document "01f52deb-66f4-4715-a946-d2deeec2e8b7" generated successfully
[2026-01-28 21:37:45.676 +02:00 INF] [d9f8b636-c0f9-4960-89d4-4ada1f41fed4] HTTP POST /api/documents/generate responded 200 in 1696.3872 ms
[2026-01-28 21:37:45.685 +02:00 INF] [] HTTP POST /api/documents/generate responded 200 in 1705.2604 ms
[2026-01-28 21:40:18.150 +02:00 INF] [] Application is shutting down...
[2026-01-28 22:01:42.842 +02:00 INF] [] Starting application...
[2026-01-28 22:01:45.341 +02:00 INF] [] Database initialized
[2026-01-28 22:01:46.702 +02:00 INF] [] Registered PDF template for "TransactionStatement"
[2026-01-28 22:01:46.716 +02:00 INF] [] Registered 1 PDF template(s)
[2026-01-28 22:01:46.728 +02:00 INF] [] Document storage directory: /Users/fiskani/Documents/Interview/Capitec/DocumentService/Presentation/Document.Api/wwwroot/documents
[2026-01-28 22:01:46.790 +02:00 INF] [] Document Service starting up...
[2026-01-28 22:01:47.070 +02:00 INF] [] Now listening on: http://localhost:5085
[2026-01-28 22:01:47.072 +02:00 INF] [] Application started. Press Ctrl+C to shut down.
[2026-01-28 22:01:47.073 +02:00 INF] [] Hosting environment: Development
[2026-01-28 22:01:47.075 +02:00 INF] [] Content root path: /Users/fiskani/Documents/Interview/Capitec/DocumentService/Presentation/Document.Api
[2026-01-28 22:02:20.012 +02:00 INF] [493b2d2d-4276-4aef-8178-d9250ea8383f] HTTP POST /api/documents/generate started
[2026-01-28 22:02:20.031 +02:00 WRN] [493b2d2d-4276-4aef-8178-d9250ea8383f] Failed to determine the https port for redirect.
[2026-01-28 22:02:20.089 +02:00 INF] [493b2d2d-4276-4aef-8178-d9250ea8383f] FileSystem storage initialized at: wwwroot/documents
[2026-01-28 22:02:20.113 +02:00 INF] [493b2d2d-4276-4aef-8178-d9250ea8383f] Generating "TransactionStatement" document
[2026-01-28 22:02:20.117 +02:00 INF] [493b2d2d-4276-4aef-8178-d9250ea8383f] Rendering Transaction Statement PDF
[2026-01-28 22:02:20.834 +02:00 INF] [493b2d2d-4276-4aef-8178-d9250ea8383f] Transaction Statement PDF generated successfully
[2026-01-28 22:02:21.222 +02:00 INF] [493b2d2d-4276-4aef-8178-d9250ea8383f] Stored "TransactionStatement" document "f8376154-7094-4860-96b1-9008754be6eb", size: 126469 bytes
[2026-01-28 22:02:21.223 +02:00 INF] [493b2d2d-4276-4aef-8178-d9250ea8383f] "TransactionStatement" document "f8376154-7094-4860-96b1-9008754be6eb" generated successfully
[2026-01-28 22:02:21.286 +02:00 INF] [493b2d2d-4276-4aef-8178-d9250ea8383f] HTTP POST /api/documents/generate responded 200 in 1275.9572 ms
